<?xml version="1.0" encoding="UTF-8"?>
<!-- Generated by org.testng.reporters.JUnitReportReporter -->
<testsuite hostname="DESKTOP-TCG2L2E" failures="0" tests="3" name="com.testJenkinsTest.DemoJenkinsTest" time="0.397" errors="0" timestamp="2022-05-30T15:31:24 IST" skipped="0">
  <testcase classname="com.testJenkinsTest.DemoJenkinsTest" name="practice1Test" time="0.385"/>
  <system-out>
    <![CDATA[TestNgPractice2Test-->Test1]]>
  </system-out>
  <testcase classname="com.testJenkinsTest.DemoJenkinsTest" name="practice2Test" time="0.006"/>
  <system-out>
    <![CDATA[TestNgPractice2Test-->Test2]]>
  </system-out>
  <testcase classname="com.testJenkinsTest.DemoJenkinsTest" name="practice3Test" time="0.006"/>
  <system-out>
    <![CDATA[TestNgPractice2Test-->Test3]]>
  </system-out>
</testsuite> <!-- com.testJenkinsTest.DemoJenkinsTest -->
